<?xml version="1.0" encoding="UTF-8"?>
<testsuite xmlns:xsi="http://www.w3.org/2001/XMLSchema-instance" xsi:noNamespaceSchemaLocation="https://maven.apache.org/surefire/maven-surefire-plugin/xsd/surefire-test-report-3.0.xsd" version="3.0" name="TestSuite" time="45.237" tests="2" errors="0" skipped="0" failures="0">
  <properties>
[...]
</properties>
  <testcase name="createInterviewAccount" classname="interviewTests.InterviewTests" time="10.066"/>
  <testcase name="editInterviewAccount" classname="interviewTests.InterviewTests" time="18.891"/>
</testsuite>