<?xml version="1.0" encoding="UTF-8"?>
<testng-results ignored="0" total="2" passed="2" failed="0" skipped="0">
  <reporter-output>
  </reporter-output>
  <suite started-at="2022-09-25T18:32:46 MSK" name="Test Run for Interview" finished-at="2022-09-25T18:33:25 MSK" duration-ms="38454">
    <groups>
    </groups>
    <test started-at="2022-09-25T18:32:46 MSK" name="Account Verification" finished-at="2022-09-25T18:33:25 MSK" duration-ms="38454">
      <class name="interviewTests.InterviewTests">
        <test-method is-config="true" signature="setUp()[pri:0, instance:interviewTests.InterviewTests@82de64a]" started-at="2022-09-25T18:32:41 MSK" name="setUp" finished-at="2022-09-25T18:32:46 MSK" duration-ms="5627" status="PASS">
          <reporter-output>
          </reporter-output>
        </test-method> <!-- setUp -->
        <test-method is-config="true" signature="login()[pri:0, instance:interviewTests.InterviewTests@82de64a]" started-at="2022-09-25T18:32:46 MSK" name="login" finished-at="2022-09-25T18:32:53 MSK" duration-ms="7112" status="PASS">
          <reporter-output>
          </reporter-output>
        </test-method> <!-- login -->
        <test-method signature="createInterviewAccount()[pri:0, instance:interviewTests.InterviewTests@82de64a]" started-at="2022-09-25T18:32:53 MSK" name="createInterviewAccount" description="Account Creation" finished-at="2022-09-25T18:33:04 MSK" duration-ms="10065" status="PASS">
          <reporter-output>
          </reporter-output>
        </test-method> <!-- createInterviewAccount -->
        <test-method signature="editInterviewAccount()[pri:1, instance:interviewTests.InterviewTests@82de64a]" started-at="2022-09-25T18:33:04 MSK" name="editInterviewAccount" description="Edit Account" finished-at="2022-09-25T18:33:22 MSK" duration-ms="18891" status="PASS">
          <reporter-output>
          </reporter-output>
        </test-method> <!-- editInterviewAccount -->
        <test-method is-config="true" signature="closeWindow()[pri:0, instance:interviewTests.InterviewTests@82de64a]" started-at="2022-09-25T18:33:22 MSK" name="closeWindow" finished-at="2022-09-25T18:33:25 MSK" duration-ms="2360" status="PASS">
          <reporter-output>
          </reporter-output>
        </test-method> <!-- closeWindow -->
        <test-method is-config="true" signature="tearDown()[pri:0, instance:interviewTests.InterviewTests@82de64a]" started-at="2022-09-25T18:33:25 MSK" name="tearDown" finished-at="2022-09-25T18:33:25 MSK" duration-ms="617" status="PASS">
          <reporter-output>
          </reporter-output>
        </test-method> <!-- tearDown -->
      </class> <!-- interviewTests.InterviewTests -->
    </test> <!-- Account Verification -->
  </suite> <!-- Test Run for Interview -->
</testng-results>
